<?xml version="1.0" encoding="UTF-8"?>
<!-- Generated by org.testng.reporters.JUnitReportReporter -->
<testsuite hostname="LAPTOP-CJ23D15G" name="rest_sample.Day2" tests="2" failures="0" timestamp="15 Mar 2022 04:04:50 GMT" time="0.016" errors="0">
  <testcase name="dataproviderexample" time="0.002" classname="rest_sample.Day2"/>
  <testcase name="dataproviderexample" time="0.014" classname="rest_sample.Day2"/>
</testsuite> <!-- rest_sample.Day2 -->
